+ cmd=(run_jar)
+ local cmd
+ [[ -s /etc/mesos/zk ]]
+ cmd+=(--zk_hosts "$(cut -d / -f 3 /etc/mesos/zk)" --master "$(cat /etc/mesos/zk)")
++ cut -d / -f 3 /etc/mesos/zk
++ cat /etc/mesos/zk

aaaaaaaaaaaaaaaaaaaaaaaaaaaaaaaaaaaaaaa




































A
































































































	
	+ [[ -d /etc/chronos/conf ]]
+ read -u 9 -r -d '' path
++ cd /etc/chronos/conf
++ find . -type f -not -name '.*' -print0
+ local name=http_port
+ element_in --http_port
+ local e
+ return 1
+ case "$name" in
+ cmd+=("--$name" "$(< "$conf_dir/$name")")
+ read -u 9 -r -d '' path
+ logged chronos run_jar --zk_hosts 172.31.5.157:2181 --master zk://172.31.5.157:2181/mesos --http_port 4400
+ local 'token=chronos[1108]'
+ shift
+ exec
+ exec
++ exec logger -p user.notice -t 'chronos[1108]'
++ exec logger -p user.info -t 'chronos[1108]'
