Waiting for /var/run/docker.sock
[34mINFO[0m[0000] +job serveapi(unix:///var/run/docker.sock)   
[34mINFO[0m[0000] Listening for HTTP on unix (/var/run/docker.sock) 
/var/run/docker.sock is up
[34mINFO[0m[0004] +job init_networkdriver()                    
[34mINFO[0m[0004] -job init_networkdriver() = OK (0)           
[33mWARN[0m[0004] Your kernel does not support cgroup swap limit. 
[34mINFO[0m[0004] Loading containers: start.                   

[34mINFO[0m[0004] Loading containers: done.                    
[34mINFO[0m[0004] docker daemon: 1.6.2 7c8fca2; execdriver: native-0.2; graphdriver: devicemapper 
[34mINFO[0m[0004] +job acceptconnections()                     
[34mINFO[0m[0004] -job acceptconnections() = OK (0)            
[34mINFO[0m[0004] Daemon has completed initialization          
[34mINFO[0m[0162] Received signal 'terminated', starting shutdown of docker... 
[34mINFO[0m[0162] -job serveapi(unix:///var/run/docker.sock) = OK (0) 
Waiting for /var/run/docker.sock
[34mINFO[0m[0000] +job serveapi(unix:///var/run/docker.sock)   
[34mINFO[0m[0000] Listening for HTTP on unix (/var/run/docker.sock) 
[34mINFO[0m[0000] +job init_networkdriver()                    
[34mINFO[0m[0000] -job init_networkdriver() = OK (0)           
/var/run/docker.sock is up
[33mWARN[0m[0000] Your kernel does not support cgroup swap limit. 
[34mINFO[0m[0000] Loading containers: start.                   

[34mINFO[0m[0000] Loading containers: done.                    
[34mINFO[0m[0000] docker daemon: 1.6.2 7c8fca2; execdriver: native-0.2; graphdriver: devicemapper 
[34mINFO[0m[0000] +job acceptconnections()                     
[34mINFO[0m[0000] -job acceptconnections() = OK (0)            
[34mINFO[0m[0000] Daemon has completed initialization          
[34mINFO[0m[1075] Received signal 'terminated', starting shutdown of docker... 
[34mINFO[0m[1075] -job serveapi(unix:///var/run/docker.sock) = OK (0) 
Waiting for /var/run/docker.sock
[34mINFO[0m[0000] +job serveapi(unix:///var/run/docker.sock)   
Waiting for /var/run/docker.sock
[34mINFO[0m[0000] Listening for HTTP on unix (/var/run/docker.sock) 
[34mINFO[0m[0000] +job init_networkdriver()                    
/var/run/docker.sock is up
[34mINFO[0m[0000] -job init_networkdriver() = OK (0)           
[33mWARN[0m[0001] Your kernel does not support cgroup swap limit. 
[34mINFO[0m[0001] Loading containers: start.                   

[34mINFO[0m[0001] Loading containers: done.                    
[34mINFO[0m[0001] docker daemon: 1.6.2 7c8fca2; execdriver: native-0.2; graphdriver: devicemapper 
[34mINFO[0m[0001] +job acceptconnections()                     
[34mINFO[0m[0001] -job acceptconnections() = OK (0)            
[34mINFO[0m[0001] Daemon has completed initialization          
